1652533994167|Global registry up and running!
1652533995117|Global registry accepted the 1th connection.
1652533995124|GlobalRegistry processing put fr.sorbonne_u.components.reflection.interfaces.ReflectionCI-a262375e-344a-4fb0-922a-f9b8ad570dd3 rmi=localhost
1652533995282|GlobalRegistry processing put 2710d81e-abb9-4d7d-a1da-38dfb9885328 rmi=localhost
1652533995285|GlobalRegistry processing put fd24f933-bedf-44f0-a6b9-fdf54ee2c0ee rmi=localhost
1652533995291|GlobalRegistry processing put cps.cep.interfaces.EventEmissionCI-9af956c1-ed76-4df7-b827-76a099d5db9e rmi=localhost
1652533995311|GlobalRegistry processing put f1ab5109-61b4-45cb-b58b-060f7554bc3c rmi=localhost
1652533995368|GlobalRegistry processing put fr.sorbonne_u.components.reflection.interfaces.ReflectionCI-7fce6d53-3a15-4621-8f2c-ba2795a72941 rmi=localhost
1652533995457|Global registry accepted the 2th connection.
1652533995457|All (2) connected!
1652533995540|GlobalRegistry processing put fr.sorbonne_u.components.reflection.interfaces.ReflectionCI-3a7786a2-7852-4326-a42c-31223982f869 rmi=localhost
1652533995548|GlobalRegistry processing put cps.cep.interfaces.CEPBusManagementCI-edbc3432-f876-4432-bd32-86c88a9cc950 rmi=localhost
1652533995575|GlobalRegistry processing put fr.sorbonne_u.cps.smartcity.interfaces.SAMUActionCI-81bc72db-6943-47bc-bafc-3c32a048c9a7 rmi=localhost
1652533995627|GlobalRegistry processing put d787cfcd-99fe-4861-95b8-74091f886cf5 rmi=localhost
1652533995709|GlobalRegistry processing put e7599715-5d47-4c49-9b4b-5f9498bb74ed rmi=localhost
1652533995733|GlobalRegistry processing put 26b35f94-0358-4d43-860c-2f61e17a771b rmi=localhost
1652533995756|GlobalRegistry processing put cps.cep.interfaces.EventEmissionCI-1da8c5d2-3b56-428d-80f8-8de0fc0c38f4 rmi=localhost
1652533995807|GlobalRegistry processing put 513b1402-29f1-4c7f-a0da-9a9ecb7f665d rmi=localhost
1652533995846|GlobalRegistry processing put fr.sorbonne_u.components.reflection.interfaces.ReflectionCI-1525b69f-cb2e-40cc-aae7-578335cd869f rmi=localhost
1652533995934|GlobalRegistry processing put cps.cep.interfaces.CEPBusManagementCI-68a41e37-4607-4372-a322-e58cc4c48cfc rmi=localhost
1652533995980|GlobalRegistry processing put fr.sorbonne_u.cps.smartcity.interfaces.TrafficLightActionCI-0dbe45b4-8e8c-464a-babb-d48040005b78 rmi=localhost
1652533996070|GlobalRegistry processing put d073a76c-529e-4a83-ba5d-6a3886ede6ee rmi=localhost
1652534000548|GlobalRegistry processing put fr.sorbonne_u.components.reflection.interfaces.ReflectionCI-7111caab-3c79-4e2d-978c-4aff92b3ef15 rmi=localhost
1652534000552|GlobalRegistry processing put cps.cep.interfaces.CEPBusManagementCI-9e3f4bcb-e221-4e5f-821a-45adf7b5a735 rmi=localhost
1652534000572|GlobalRegistry processing put fr.sorbonne_u.cps.smartcity.interfaces.SAMUActionCI-a695b375-88ab-41b4-b0f6-ad4270a69f22 rmi=localhost
1652534000585|GlobalRegistry processing put 34fd1327-cb10-44bc-95db-14130d3b96bc rmi=localhost
1652534000668|GlobalRegistry processing put fr.sorbonne_u.components.reflection.interfaces.ReflectionCI-daec6d37-ebdd-4db6-bbf5-8bd7458299b0 rmi=localhost
1652534000692|GlobalRegistry processing put feafc523-8af6-4cd8-847f-d95922da6d53 rmi=localhost
1652534000721|GlobalRegistry processing put cps.cep.interfaces.EventEmissionCI-c1d6df80-361e-4cdf-bdc2-fb9db6f9844c rmi=localhost
1652534000735|GlobalRegistry processing put cps.cep.interfaces.CEPBusManagementCI-ca59b6a3-c791-4ce1-89c0-85f496828a22 rmi=localhost
1652534000745|GlobalRegistry processing put fr.sorbonne_u.components.reflection.interfaces.ReflectionCI-93c4ad33-db42-43ca-8701-8e8b836f1cfb rmi=localhost
1652534000751|GlobalRegistry processing put 97a00e0b-00a2-4e83-9027-45c2061156bb rmi=localhost
1652534000755|GlobalRegistry processing put cps.cep.interfaces.EventEmissionCI-29444fe7-dcd2-4bf9-975b-6b93f7574333 rmi=localhost
1652534000763|GlobalRegistry processing put cps.cep.interfaces.CEPBusManagementCI-febcbf91-16c7-4841-a841-d05d5251d7c5 rmi=localhost
1652534000785|GlobalRegistry processing put fr.sorbonne_u.components.reflection.interfaces.ReflectionCI-b86e0033-ebd5-41d7-b59d-c977e5273930 rmi=localhost
1652534000809|GlobalRegistry processing put cps.cep.interfaces.CEPBusManagementCI-5f34b30f-de9f-4641-90db-2971589b76f1 rmi=localhost
1652534000861|GlobalRegistry processing put fr.sorbonne_u.cps.smartcity.interfaces.FireStationActionCI-52eb4e92-411a-4850-92de-7a024f60920c rmi=localhost
1652534000938|GlobalRegistry processing put b9a48b89-2cd1-4062-84aa-59c7148733f0 rmi=localhost
1652534001064|GlobalRegistry processing put fr.sorbonne_u.components.reflection.interfaces.ReflectionCI-48f76d3f-38ab-47e4-9ab8-ca681717cc3e rmi=localhost
1652534001092|GlobalRegistry processing put fr.sorbonne_u.components.reflection.interfaces.ReflectionCI-686034d5-cf9c-4a68-bd5d-b4ebd701b95d rmi=localhost
1652534001105|GlobalRegistry processing put cps.cep.interfaces.CEPBusManagementCI-edf2f939-2468-4491-aadc-e0b5004cc447 rmi=localhost
1652534001119|GlobalRegistry processing put fr.sorbonne_u.cps.smartcity.interfaces.TrafficLightActionCI-468cf268-b50e-424c-a5d2-df5dd8420968 rmi=localhost
1652534001129|GlobalRegistry processing put de2fcf0b-9d8f-4ce6-bc25-ec4a812aaecf rmi=localhost
1652534001155|GlobalRegistry processing put cps.cep.interfaces.CEPBusManagementCI-c3f809ad-26f1-4d58-a18d-383fe4ebcc5d rmi=localhost
1652534001169|GlobalRegistry processing put fr.sorbonne_u.cps.smartcity.interfaces.FireStationActionCI-89bd13b2-cfbb-4468-8501-cd776f49ff06 rmi=localhost
1652534001171|GlobalRegistry processing put 809807a6-a19f-4065-a659-e8ccb13ed0a9 rmi=localhost
1652534001229|GlobalRegistry processing put fr.sorbonne_u.components.reflection.interfaces.ReflectionCI-913a6475-44cf-4bfd-b504-2e601c00b0c7 rmi=localhost
1652534001247|GlobalRegistry processing put cps.cep.interfaces.CEPBusManagementCI-76d2f8b4-41c0-49ba-84c6-cbb15ab15bde rmi=localhost
1652534001247|GlobalRegistry processing put fr.sorbonne_u.components.reflection.interfaces.ReflectionCI-6fdc09c0-d6e3-4556-812d-1f010cc8ca36 rmi=localhost
1652534001260|GlobalRegistry processing put f3c8aadd-6ba5-482d-899f-556896305091 rmi=localhost
1652534001262|GlobalRegistry processing put cps.cep.interfaces.EventEmissionCI-46df8bd1-ab11-4d31-8d02-bd68170b4b3e rmi=localhost
1652534001265|GlobalRegistry processing put cps.cep.interfaces.CEPBusManagementCI-8df78c30-dc69-4929-9808-9038caa9c67d rmi=localhost
1652534001266|GlobalRegistry processing put fr.sorbonne_u.cps.smartcity.interfaces.TrafficLightActionCI-6f470b49-7d9c-4fd0-be34-0c77002a40e0 rmi=localhost
1652534001271|GlobalRegistry processing put fr.sorbonne_u.components.reflection.interfaces.ReflectionCI-f4aeca99-a149-4443-a1cc-ec35158d41ec rmi=localhost
1652534001273|GlobalRegistry processing put 1816fdda-f071-43ce-bf71-1855aa9d58f5 rmi=localhost
1652534001275|GlobalRegistry processing put cps.cep.interfaces.EventEmissionCI-960843ad-95d5-420b-9fed-4bcb30d2c5ee rmi=localhost
1652534001276|GlobalRegistry processing put cps.cep.interfaces.CEPBusManagementCI-78aee73f-365e-499f-8f94-5768bc94e89f rmi=localhost
1652534001276|GlobalRegistry processing put e71d1d35-fa7c-4d43-995e-dc494e1b3a92 rmi=localhost
1652534001317|GlobalRegistry processing put fr.sorbonne_u.components.reflection.interfaces.ReflectionCI-009a0f74-ad79-4e67-90f5-d714bc536114 rmi=localhost
1652534001363|GlobalRegistry processing put fr.sorbonne_u.components.reflection.interfaces.ReflectionCI-5e160b99-9744-43f2-ab34-5a498a49d9f4 rmi=localhost
1652534001375|GlobalRegistry processing put cps.cep.interfaces.CEPBusManagementCI-205177f6-d18a-4d06-b042-20b3eb2be602 rmi=localhost
1652534001390|GlobalRegistry processing put fr.sorbonne_u.cps.smartcity.traffic.components.StationActionTransmissionCI-a280f74b-1679-4ae5-83ed-96380e38e62b rmi=localhost
1652534001390|GlobalRegistry processing put fr.sorbonne_u.cps.smartcity.interfaces.TrafficLightActionCI-527fa0e4-a03b-48eb-adc8-3e5fab58589b rmi=localhost
1652534001398|GlobalRegistry processing put ca1f372c-01b6-46cc-83de-420d20ced656 rmi=localhost
1652534001434|GlobalRegistry processing put d0033e71-7b62-4cf2-90ea-4046a67ef478 rmi=localhost
1652534001448|GlobalRegistry processing put fr.sorbonne_u.cps.smartcity.interfaces.FireStationNotificationCI-7435ad17-e6a1-4642-868d-6e885f14e80c rmi=localhost
1652534001460|GlobalRegistry processing put FireStation-1-actionIBP rmi=localhost
1652534001472|GlobalRegistry processing put fr.sorbonne_u.components.reflection.interfaces.ReflectionCI-d79268e7-9449-4029-ab8c-dacf3df94ddf rmi=localhost
1652534001482|GlobalRegistry processing put cps.cep.interfaces.CEPBusManagementCI-cb15c62d-1c1b-43ab-98f0-d5d9ac376d32 rmi=localhost
1652534001508|GlobalRegistry processing put fr.sorbonne_u.cps.smartcity.interfaces.TrafficLightActionCI-0e337277-e965-455f-984f-1dd24746be07 rmi=localhost
1652534001528|GlobalRegistry processing put 30357cbe-6fa6-4b75-9445-4839c67bfdcf rmi=localhost
1652534001572|GlobalRegistry processing put fr.sorbonne_u.components.reflection.interfaces.ReflectionCI-d2123363-7814-415a-b6cc-e0d8383ae4ec rmi=localhost
1652534001589|GlobalRegistry processing put fr.sorbonne_u.cps.smartcity.traffic.components.StationActionTransmissionCI-f98f24c0-cf76-4754-9ab6-d238bd383530 rmi=localhost
1652534001606|GlobalRegistry processing put d8f5dcfd-3028-4fb5-9b0f-f7e28cf70af3 rmi=localhost
1652534001625|GlobalRegistry processing put fr.sorbonne_u.components.reflection.interfaces.ReflectionCI-dd9d07ab-f58c-4cb6-97dc-8e14bae4d2f8 rmi=localhost
1652534001635|GlobalRegistry processing put cps.cep.interfaces.CEPBusManagementCI-48664130-8dd0-484d-9684-a17119dc0920 rmi=localhost
1652534001645|GlobalRegistry processing put fr.sorbonne_u.cps.smartcity.interfaces.TrafficLightActionCI-77efb2b5-7c14-45df-8d69-338a3d71312f rmi=localhost
1652534001651|GlobalRegistry processing put 75523e0f-e896-460c-b857-dc602f8a443e rmi=localhost
1652534001657|GlobalRegistry processing put fr.sorbonne_u.cps.smartcity.interfaces.FireStationNotificationCI-2b9c243f-5cb7-4355-960e-aed31449ea14 rmi=localhost
1652534001670|GlobalRegistry processing put FireStation-2-actionIBP rmi=localhost
1652534001729|GlobalRegistry processing put fr.sorbonne_u.components.reflection.interfaces.ReflectionCI-d82c0885-8106-4440-a152-0fdbfdd3df42 rmi=localhost
1652534001750|GlobalRegistry processing put cps.cep.interfaces.CEPBusManagementCI-1db1ea37-32b3-413a-bd13-865eb203c50e rmi=localhost
1652534001751|GlobalRegistry processing put fr.sorbonne_u.components.reflection.interfaces.ReflectionCI-c1f19d1f-df22-44c7-be40-067861dbbd93 rmi=localhost
1652534001753|GlobalRegistry processing put fr.sorbonne_u.cps.smartcity.traffic.components.StationActionTransmissionCI-3b008cce-860f-4268-ab96-e315ba2994b4 rmi=localhost
1652534001755|GlobalRegistry processing put a13b1d45-2ba4-4d32-8286-ea6b53d221fc rmi=localhost
1652534001756|GlobalRegistry processing put fr.sorbonne_u.cps.smartcity.interfaces.TrafficLightActionCI-bd8e4e49-41a3-49d7-9857-a37d5d4d1073 rmi=localhost
1652534001762|GlobalRegistry processing put 1f5de0ce-3ffd-425b-81cc-86fe9e045b64 rmi=localhost
1652534001765|GlobalRegistry processing put fr.sorbonne_u.cps.smartcity.interfaces.SAMUNotificationCI-ccf795d5-a501-4bb2-9203-fb7b91f5e458 rmi=localhost
1652534001900|GlobalRegistry processing put fr.sorbonne_u.components.reflection.interfaces.ReflectionCI-f1b197f6-cd0f-45a0-bd8f-bf0e6da0dca8 rmi=localhost
1652534001907|GlobalRegistry processing put cps.cep.interfaces.CEPBusManagementCI-6e171281-9aab-4feb-be7e-a38e70457b98 rmi=localhost
1652534001908|GlobalRegistry processing put SAMU-1-actionIBP rmi=localhost
1652534001912|GlobalRegistry processing put fr.sorbonne_u.cps.smartcity.interfaces.TrafficLightActionCI-3c50541b-2c03-49ce-8cee-34f1c1a85040 rmi=localhost
1652534001917|GlobalRegistry processing put 88d05f98-1447-4575-8b28-8fd0249e3174 rmi=localhost
1652534001980|GlobalRegistry processing put fr.sorbonne_u.components.reflection.interfaces.ReflectionCI-0409566d-46ec-47c4-8f6f-86330a771fe2 rmi=localhost
1652534001987|GlobalRegistry processing put fr.sorbonne_u.cps.smartcity.traffic.components.StationActionTransmissionCI-da9c90bc-6630-4baa-a2fc-6f063097367b rmi=localhost
1652534001989|GlobalRegistry processing put 1a5de04c-c309-4a21-ad55-3db8e6376415 rmi=localhost
1652534001991|GlobalRegistry processing put fr.sorbonne_u.cps.smartcity.interfaces.SAMUNotificationCI-2a3a5303-8405-4615-8e88-ce926ede1def rmi=localhost
1652534001995|GlobalRegistry processing put SAMU-2-actionIBP rmi=localhost
1652534002016|GlobalRegistry processing put fr.sorbonne_u.components.reflection.interfaces.ReflectionCI-ef3e5dea-d94c-41c8-8bf7-f1ce7c179cee rmi=localhost
1652534002025|GlobalRegistry processing put cps.cep.interfaces.CEPBusManagementCI-5f877368-44b1-426e-a97f-11c45fb494e4 rmi=localhost
1652534002032|GlobalRegistry processing put fr.sorbonne_u.cps.smartcity.interfaces.TrafficLightActionCI-7e17a101-921a-4bf7-9052-1e23c8ce5586 rmi=localhost
1652534002037|GlobalRegistry processing put ea075798-207c-4484-9236-ff5b6ce97dad rmi=localhost
1652534002126|GlobalRegistry processing put fr.sorbonne_u.components.reflection.interfaces.ReflectionCI-2f14817b-3e60-4f38-9f43-7c477380b4e7 rmi=localhost
1652534002158|GlobalRegistry processing put f7fb663a-1835-4b34-8219-b5912d156d01 rmi=localhost
1652534002197|GlobalRegistry processing put cps.cep.interfaces.EventEmissionCI-4ae5a66a-63dc-4442-a145-4554dfdd9f7a rmi=localhost
1652534002206|GlobalRegistry processing put fr.sorbonne_u.components.reflection.interfaces.ReflectionCI-56411ebc-8a46-473b-b69b-c2f27b79fa36 rmi=localhost
1652534002218|GlobalRegistry processing put jvm1-dcc rmi=localhost
1652534002263|GlobalRegistry processing put cps.cep.interfaces.CEPBusManagementCI-c03c1aed-a67c-4bae-8a1f-7d7e31e2e928 rmi=localhost
1652534002277|GlobalRegistry processing put fr.sorbonne_u.components.reflection.interfaces.ReflectionCI-d9dca250-d665-4ba6-9143-19faa247d95b rmi=localhost
1652534002286|GlobalRegistry processing put 05451c7a-de3e-4714-ac9a-335b3f649538 rmi=localhost
1652534002292|GlobalRegistry processing put cps.cep.interfaces.EventEmissionCI-7de8bbc7-64f9-4280-9b57-49ed23e4a4da rmi=localhost
1652534002300|GlobalRegistry processing put cps.cep.interfaces.CEPBusManagementCI-e8834dd6-ca61-47f9-b23d-df571aef5647 rmi=localhost
1652534002308|GlobalRegistry processing put fr.sorbonne_u.components.reflection.interfaces.ReflectionCI-413015ed-265a-4191-8670-265bb7f2f853 rmi=localhost
1652534002313|GlobalRegistry processing put 0e5c6622-8bfa-4ef2-b6b1-3721c8a1323e rmi=localhost
1652534002321|GlobalRegistry processing put cps.cep.interfaces.EventEmissionCI-a12ef67b-a1e4-49e6-a23b-0124275c6d0f rmi=localhost
1652534002326|GlobalRegistry processing put cps.cep.interfaces.CEPBusManagementCI-110d8796-c60d-4870-b49a-26711de2f45f rmi=localhost
1652534002331|GlobalRegistry processing put fr.sorbonne_u.components.reflection.interfaces.ReflectionCI-68154a8e-975b-4aaf-812b-f0180526bd26 rmi=localhost
1652534002337|GlobalRegistry processing put 8a835c35-d06c-4258-9d2e-ab809094e146 rmi=localhost
1652534002341|GlobalRegistry processing put cps.cep.interfaces.EventEmissionCI-1d4ec114-8015-421e-bde0-e6b8c7766b15 rmi=localhost
1652534002348|GlobalRegistry processing put cps.cep.interfaces.CEPBusManagementCI-ae05f0c5-eb1a-444a-8d7d-b4ec10793907 rmi=localhost
1652534002353|GlobalRegistry processing put fr.sorbonne_u.components.reflection.interfaces.ReflectionCI-8a44aa8d-0e2d-4d71-9bd4-ae3a886e3612 rmi=localhost
1652534002362|GlobalRegistry processing put d4ad4392-d350-4157-9b62-5a5fd1d147f7 rmi=localhost
1652534002368|GlobalRegistry processing put cps.cep.interfaces.EventEmissionCI-a6825903-3902-48a5-8ba9-523ad9ba6284 rmi=localhost
1652534002373|GlobalRegistry processing put cps.cep.interfaces.CEPBusManagementCI-752bd86b-f689-4d2b-b618-f21d90f7d6f3 rmi=localhost
1652534002379|GlobalRegistry processing put fr.sorbonne_u.components.reflection.interfaces.ReflectionCI-b95fa8b0-68d1-4598-b07a-5239f1274404 rmi=localhost
1652534002384|GlobalRegistry processing put cb412c9b-7dff-4d8c-9502-6abb848c0375 rmi=localhost
1652534002390|GlobalRegistry processing put cps.cep.interfaces.EventEmissionCI-26ee3e11-4550-4af2-b026-abccb56206c9 rmi=localhost
1652534002395|GlobalRegistry processing put cps.cep.interfaces.CEPBusManagementCI-6d889443-ee60-4565-972f-16419b9c6e76 rmi=localhost
1652534002400|GlobalRegistry processing put fr.sorbonne_u.components.reflection.interfaces.ReflectionCI-54ed7717-735e-4790-8340-c9c310350281 rmi=localhost
1652534002406|GlobalRegistry processing put 438c5a6c-2f28-42e1-9762-cc7cc58933db rmi=localhost
1652534002411|GlobalRegistry processing put cps.cep.interfaces.EventEmissionCI-6bc8f27b-ca5e-4561-b73e-d9fcaf47ae84 rmi=localhost
1652534002416|GlobalRegistry processing put cps.cep.interfaces.CEPBusManagementCI-fd5d7ec7-6e27-4e39-baf4-b646f4d9509b rmi=localhost
1652534002430|GlobalRegistry processing put fr.sorbonne_u.components.reflection.interfaces.ReflectionCI-da62703e-a3fd-4659-a701-ceb0bf59bec3 rmi=localhost
1652534002435|GlobalRegistry processing put d9e4e950-6bef-4305-8181-7b5a659d711f rmi=localhost
1652534002439|GlobalRegistry processing put cps.cep.interfaces.EventEmissionCI-3981a806-92cb-46dc-9fb5-551421f86a95 rmi=localhost
1652534002443|GlobalRegistry processing put cps.cep.interfaces.CEPBusManagementCI-1ab254ef-297a-45dc-bed1-b5540eb5ca07 rmi=localhost
1652534002448|GlobalRegistry processing put fr.sorbonne_u.components.reflection.interfaces.ReflectionCI-64649460-099d-4df3-a3e7-837f91f29d42 rmi=localhost
1652534002453|GlobalRegistry processing put 5954f35b-7721-4b70-950b-6adfed9f9efc rmi=localhost
1652534002457|GlobalRegistry processing put cps.cep.interfaces.EventEmissionCI-663e8004-7b67-4ec6-a39a-4dfbb727a941 rmi=localhost
1652534002461|GlobalRegistry processing put cps.cep.interfaces.CEPBusManagementCI-59b05027-1400-4d03-a4e8-a49641e25fd4 rmi=localhost
1652534002468|GlobalRegistry processing put fr.sorbonne_u.components.reflection.interfaces.ReflectionCI-b550fce7-92d9-4d55-b681-564d6f7b3265 rmi=localhost
1652534002488|GlobalRegistry processing put fr.sorbonne_u.cps.smartcity.interfaces.TrafficLightNotificationCI-9676d7d6-6458-4159-9312-abe5a11a164f rmi=localhost
1652534002504|GlobalRegistry processing put Intersection-2.0-2.0-actionIBP rmi=localhost
1652534002522|GlobalRegistry processing put fr.sorbonne_u.cps.smartcity.traffic.components.TrafficLightActionTransmissionCI-4a360bcb-2c60-4871-bbb2-d76976b253b3 rmi=localhost
1652534002609|GlobalRegistry processing put c8ded921-322d-41c2-870c-8889b6cc0aae rmi=localhost
1652534002738|GlobalRegistry processing put fr.sorbonne_u.components.reflection.interfaces.ReflectionCI-8725fe90-b233-4763-9717-19b77d3f51dc rmi=localhost
1652534002756|GlobalRegistry processing put fr.sorbonne_u.cps.smartcity.interfaces.TrafficLightNotificationCI-e7519c09-d88a-4e74-beb4-5af63d0e090b rmi=localhost
1652534002764|GlobalRegistry processing put Intersection-2.0-3.0-actionIBP rmi=localhost
1652534002782|GlobalRegistry processing put fr.sorbonne_u.cps.smartcity.traffic.components.TrafficLightActionTransmissionCI-ff3190da-16ec-4669-b3dd-b3a7cc42934e rmi=localhost
1652534002789|GlobalRegistry processing put 25d81215-e482-4bdb-a7d3-e9dc651370ee rmi=localhost
1652534002859|GlobalRegistry processing put fr.sorbonne_u.components.reflection.interfaces.ReflectionCI-0e40a53b-57e5-4e62-ab72-6b46ec6da58d rmi=localhost
1652534002866|GlobalRegistry processing put fr.sorbonne_u.cps.smartcity.interfaces.TrafficLightNotificationCI-fe554f2e-f46b-4805-80e1-12e885b1c016 rmi=localhost
1652534002876|GlobalRegistry processing put Intersection-1.0-2.0-actionIBP rmi=localhost
1652534002885|GlobalRegistry processing put fr.sorbonne_u.cps.smartcity.traffic.components.TrafficLightActionTransmissionCI-6f5d215e-ef09-4390-a555-5e045c14adad rmi=localhost
1652534002894|GlobalRegistry processing put 4d05816e-6ea8-4b4d-a4bd-035d13e394ca rmi=localhost
1652534002986|GlobalRegistry processing put fr.sorbonne_u.components.reflection.interfaces.ReflectionCI-f948f229-1878-4199-8f9e-41337477e940 rmi=localhost
1652534002996|GlobalRegistry processing put fr.sorbonne_u.cps.smartcity.interfaces.TrafficLightNotificationCI-4626ece2-1a36-47c8-9b69-e285fe050a06 rmi=localhost
1652534003001|GlobalRegistry processing put Intersection-1.0-1.0-actionIBP rmi=localhost
1652534003010|GlobalRegistry processing put fr.sorbonne_u.cps.smartcity.traffic.components.TrafficLightActionTransmissionCI-0c7c3645-a567-49e7-a084-1510097096b6 rmi=localhost
1652534003015|GlobalRegistry processing put 083105bc-a3ce-4dcf-b537-09d407712e5a rmi=localhost
1652534003088|GlobalRegistry processing put fr.sorbonne_u.components.reflection.interfaces.ReflectionCI-9f83ad78-7c09-48da-8cfa-1807145f8cd5 rmi=localhost
1652534003095|GlobalRegistry processing put fr.sorbonne_u.cps.smartcity.interfaces.TrafficLightNotificationCI-5a0844f1-4244-440e-aa1d-c37fc8be8141 rmi=localhost
1652534003103|GlobalRegistry processing put Intersection-3.0-1.0-actionIBP rmi=localhost
1652534003115|GlobalRegistry processing put fr.sorbonne_u.cps.smartcity.traffic.components.TrafficLightActionTransmissionCI-5792aeea-c8f1-4d69-9ed8-d473fe29e581 rmi=localhost
1652534003119|GlobalRegistry processing put e9029ff1-3d1a-4148-9a73-a27669388c14 rmi=localhost
1652534003287|GlobalRegistry processing put fr.sorbonne_u.components.reflection.interfaces.ReflectionCI-0a5e1de9-4c55-431d-8472-e706384c3451 rmi=localhost
1652534003297|GlobalRegistry processing put fr.sorbonne_u.cps.smartcity.interfaces.TrafficLightNotificationCI-6b0583da-ecdc-4958-9ca4-c26616eeb080 rmi=localhost
1652534003301|GlobalRegistry processing put Intersection-3.0-2.0-actionIBP rmi=localhost
1652534003307|GlobalRegistry processing put fr.sorbonne_u.cps.smartcity.traffic.components.TrafficLightActionTransmissionCI-22990ac0-ae6c-43e4-8eb4-b39c1bfbe97e rmi=localhost
1652534003313|GlobalRegistry processing put 17f84800-b369-4d6e-bcd1-11f220c3c7ca rmi=localhost
1652534003393|GlobalRegistry processing put fr.sorbonne_u.components.reflection.interfaces.ReflectionCI-cbbf29ee-5f1a-40ec-a31a-c79314815d1b rmi=localhost
1652534003403|GlobalRegistry processing put fr.sorbonne_u.cps.smartcity.interfaces.TrafficLightNotificationCI-2ed1ed31-3633-4a2f-b2bc-149086cedfe7 rmi=localhost
1652534003407|GlobalRegistry processing put Intersection-3.0-3.0-actionIBP rmi=localhost
1652534003412|GlobalRegistry processing put fr.sorbonne_u.cps.smartcity.traffic.components.TrafficLightActionTransmissionCI-707e426d-144e-4567-a60a-02e0483e1a4d rmi=localhost
1652534003419|GlobalRegistry processing put 06aac86b-edc2-479d-a384-346e65fa1f00 rmi=localhost
1652534003492|GlobalRegistry processing put fr.sorbonne_u.components.reflection.interfaces.ReflectionCI-ff65af87-56bd-4a2a-81a1-66c73c6f01bb rmi=localhost
1652534003496|GlobalRegistry processing put fr.sorbonne_u.cps.smartcity.interfaces.TrafficLightNotificationCI-5bcea0d0-9a1c-40db-99c9-f97ae3a02a94 rmi=localhost
1652534003502|GlobalRegistry processing put Intersection-1.0-3.0-actionIBP rmi=localhost
1652534003507|GlobalRegistry processing put fr.sorbonne_u.cps.smartcity.traffic.components.TrafficLightActionTransmissionCI-66320a4c-9d9c-48ac-9988-5b6f909ecfd9 rmi=localhost
1652534003514|GlobalRegistry processing put 8e01537d-5678-477e-b08f-64f013dbe0c7 rmi=localhost
1652534003585|GlobalRegistry processing put fr.sorbonne_u.components.reflection.interfaces.ReflectionCI-dcf7fd19-5da0-4834-9347-688f336d1206 rmi=localhost
1652534003591|GlobalRegistry processing put fr.sorbonne_u.cps.smartcity.interfaces.TrafficLightNotificationCI-2c2315ff-08c5-44b1-94f2-1e8dcfa9d2b1 rmi=localhost
1652534003595|GlobalRegistry processing put Intersection-2.0-1.0-actionIBP rmi=localhost
1652534003600|GlobalRegistry processing put fr.sorbonne_u.cps.smartcity.traffic.components.TrafficLightActionTransmissionCI-f7cc4de6-0875-4605-9943-acdfaeb4b377 rmi=localhost
1652534003605|GlobalRegistry processing put bdedce2d-5cbf-4420-91ac-f2e4a7b2f273 rmi=localhost
1652534003680|GlobalRegistry processing put fr.sorbonne_u.components.reflection.interfaces.ReflectionCI-ee67eea5-1b56-4b7a-a05a-c1dfad1ad468 rmi=localhost
1652534003699|GlobalRegistry processing put jvm2-dcc rmi=localhost
1652534003732|GlobalRegistry processing lookup stationIBP
1652534003750|GlobalRegistry processing lookup trafficIBP
1652534014096|GlobalRegistry processing null
1652534014173|GlobalRegistry processing null
1652534014181|Global registry shuts down!
